<?xml version="1.0" encoding="UTF-8"?>
<coverage generated="1606204436120" clover="3.2.0">
  <project timestamp="1606204436120" name="All files">
    <metrics statements="4" coveredstatements="2" conditionals="0" coveredconditionals="0" methods="0" coveredmethods="0" elements="4" coveredelements="2" complexity="0" loc="4" ncloc="4" packages="1" files="2" classes="2"/>
    <file name="HelloWorld.vue" path="/Users/shubhadipmaity/projects/codecov-vue3/src/components/HelloWorld.vue">
      <metrics statements="2" coveredstatements="2" conditionals="0" coveredconditionals="0" methods="0" coveredmethods="0"/>
      <line num="138" count="1" type="stmt"/>
      <line num="140" count="1" type="stmt"/>
    </file>
    <file name="TestWorld.vue" path="/Users/shubhadipmaity/projects/codecov-vue3/src/components/TestWorld.vue">
      <metrics statements="2" coveredstatements="0" conditionals="0" coveredconditionals="0" methods="0" coveredmethods="0"/>
      <line num="8" count="0" type="stmt"/>
      <line num="10" count="0" type="stmt"/>
    </file>
  </project>
</coverage>
