{"/Users/shubhadipmaity/projects/codecov-vue3/src/components/HelloWorld.vue": {"path":"/Users/shubhadipmaity/projects/codecov-vue3/src/components/HelloWorld.vue","statementMap":{"0":{"start":{"line":138,"column":0},"end":{"line":138,"column":null}},"1":{"start":{"line":140,"column":15},"end":{"line":140,"column":31}}},"fnMap":{},"branchMap":{},"s":{"0":1,"1":1},"f":{},"b":{}}
,"/Users/shubhadipmaity/projects/codecov-vue3/src/components/TestWorld.vue": {"path":"/Users/shubhadipmaity/projects/codecov-vue3/src/components/TestWorld.vue","statementMap":{"0":{"start":{"line":8,"column":0},"end":{"line":8,"column":null}},"1":{"start":{"line":10,"column":15},"end":{"line":10,"column":31}}},"fnMap":{},"branchMap":{},"s":{"0":0,"1":0},"f":{},"b":{}}
}
